[debug] [2026-04-28T13:12:29.761Z] ----------------------------------------------------------------------
[debug] [2026-04-28T13:12:29.762Z] Command:       /Users/devika/.nvm/versions/node/v24.14.0/bin/node /Users/devika/.nvm/versions/node/v24.14.0/bin/firebase init
[debug] [2026-04-28T13:12:29.762Z] CLI Version:   15.15.0
[debug] [2026-04-28T13:12:29.762Z] Platform:      darwin
[debug] [2026-04-28T13:12:29.762Z] Node Version:  v24.14.0
[debug] [2026-04-28T13:12:29.762Z] Time:          Tue Apr 28 2026 18:42:29 GMT+0530 (India Standard Time)
[debug] [2026-04-28T13:12:29.762Z] ----------------------------------------------------------------------
[debug] 
[info] 
     ######## #### ########  ######## ########     ###     ######  ########
     ##        ##  ##     ## ##       ##     ##  ##   ##  ##       ##
     ######    ##  ########  ######   ########  #########  ######  ######
     ##        ##  ##    ##  ##       ##     ## ##     ##       ## ##
     ##       #### ##     ## ######## ########  ##     ##  ######  ########

You're about to initialize a Firebase project in this directory:

  /Users/devika/SmartRoute-AI

[info] 
=== Project Setup
[info] 
[info] First, let's associate this project directory with a Firebase project.
[info] You can create multiple project aliases by running firebase use --add, 
[info] 
[info] i  If you want to create a project in a Google Cloud organization or folder, please use "firebase projects:create" instead, and return to this command when you've created the project. 
[debug] [2026-04-28T13:14:05.210Z] > command requires scopes: ["email","openid","https://www.googleapis.com/auth/cloudplatformprojects.readonly","https://www.googleapis.com/auth/firebase","https://www.googleapis.com/auth/cloud-platform"]
[debug] [2026-04-28T13:14:05.210Z] > authorizing via signed-in user (devikadudhani@gmail.com)
[debug] [2026-04-28T13:14:35.525Z] Checked if tokens are valid: true, expires at: 1777385522702
[debug] [2026-04-28T13:14:35.526Z] Checked if tokens are valid: true, expires at: 1777385522702
[debug] [2026-04-28T13:14:35.527Z] >>> [apiv2][query] POST https://firebase.googleapis.com/v1/projects:checkProjectId [none]
[debug] [2026-04-28T13:14:35.527Z] >>> [apiv2][body] POST https://firebase.googleapis.com/v1/projects:checkProjectId {"proposedId":"smartroute-ai"}
[debug] [2026-04-28T13:14:36.260Z] <<< [apiv2][status] POST https://firebase.googleapis.com/v1/projects:checkProjectId 200
[debug] [2026-04-28T13:14:36.260Z] <<< [apiv2][body] POST https://firebase.googleapis.com/v1/projects:checkProjectId {"projectIdStatus":"PROJECT_ID_UNAVAILABLE","suggestedProjectId":"smartroute-ai-ac804"}
[debug] [2026-04-28T13:14:50.416Z] Checked if tokens are valid: true, expires at: 1777385522702
[debug] [2026-04-28T13:14:50.416Z] Checked if tokens are valid: true, expires at: 1777385522702
[debug] [2026-04-28T13:14:50.417Z] >>> [apiv2][query] POST https://firebase.googleapis.com/v1/projects:checkProjectId [none]
[debug] [2026-04-28T13:14:50.417Z] >>> [apiv2][body] POST https://firebase.googleapis.com/v1/projects:checkProjectId {"proposedId":"smartrouteai"}
[debug] [2026-04-28T13:14:51.319Z] <<< [apiv2][status] POST https://firebase.googleapis.com/v1/projects:checkProjectId 200
[debug] [2026-04-28T13:14:51.319Z] <<< [apiv2][body] POST https://firebase.googleapis.com/v1/projects:checkProjectId {"projectIdStatus":"PROJECT_ID_UNAVAILABLE","suggestedProjectId":"smartrouteai-8b832"}
[debug] [2026-04-28T13:15:06.118Z] Checked if tokens are valid: true, expires at: 1777385522702
[debug] [2026-04-28T13:15:06.118Z] Checked if tokens are valid: true, expires at: 1777385522702
[debug] [2026-04-28T13:15:06.119Z] >>> [apiv2][query] POST https://firebase.googleapis.com/v1/projects:checkProjectId [none]
[debug] [2026-04-28T13:15:06.119Z] >>> [apiv2][body] POST https://firebase.googleapis.com/v1/projects:checkProjectId {"proposedId":"smart-route-ai"}
[debug] [2026-04-28T13:15:07.088Z] <<< [apiv2][status] POST https://firebase.googleapis.com/v1/projects:checkProjectId 200
[debug] [2026-04-28T13:15:07.088Z] <<< [apiv2][body] POST https://firebase.googleapis.com/v1/projects:checkProjectId {"projectIdStatus":"PROJECT_ID_UNAVAILABLE","suggestedProjectId":"smart-route-ai-91077"}
[debug] [2026-04-28T13:15:14.522Z] Checked if tokens are valid: true, expires at: 1777385522702
[debug] [2026-04-28T13:15:14.523Z] Checked if tokens are valid: true, expires at: 1777385522702
[debug] [2026-04-28T13:15:14.523Z] >>> [apiv2][query] POST https://firebase.googleapis.com/v1/projects:checkProjectId [none]
[debug] [2026-04-28T13:15:14.523Z] >>> [apiv2][body] POST https://firebase.googleapis.com/v1/projects:checkProjectId {"proposedId":"smart-routes-ai"}
[debug] [2026-04-28T13:15:14.981Z] <<< [apiv2][status] POST https://firebase.googleapis.com/v1/projects:checkProjectId 200
[debug] [2026-04-28T13:15:14.982Z] <<< [apiv2][body] POST https://firebase.googleapis.com/v1/projects:checkProjectId {"projectIdStatus":"PROJECT_ID_AVAILABLE","suggestedProjectId":"smart-routes-ai"}
[debug] [2026-04-28T13:15:52.004Z] Checked if tokens are valid: true, expires at: 1777385522702
[debug] [2026-04-28T13:15:52.004Z] Checked if tokens are valid: true, expires at: 1777385522702
[debug] [2026-04-28T13:15:52.004Z] >>> [apiv2][query] POST https://cloudresourcemanager.googleapis.com/v1/projects [none]
[debug] [2026-04-28T13:15:52.004Z] >>> [apiv2][body] POST https://cloudresourcemanager.googleapis.com/v1/projects {"projectId":"smart-routes-ai","name":"SmartRoute_Ai"}
[debug] [2026-04-28T13:15:53.579Z] <<< [apiv2][status] POST https://cloudresourcemanager.googleapis.com/v1/projects 400
[debug] [2026-04-28T13:15:53.579Z] <<< [apiv2][body] POST https://cloudresourcemanager.googleapis.com/v1/projects {"error":{"code":400,"message":"field [display_name] has issue [project display name contains invalid characters]","status":"INVALID_ARGUMENT","details":[{"@type":"type.googleapis.com/google.rpc.BadRequest","fieldViolations":[{"field":"display_name","description":"project display name contains invalid characters"}]},{"@type":"type.googleapis.com/google.rpc.Help","links":[{"url":"https://cloud.google.com/resource-manager/reference/rest/v1/projects"}]}]}}
[debug] [2026-04-28T13:15:53.758Z] FirebaseError: Request to https://cloudresourcemanager.googleapis.com/v1/projects had HTTP Error: 400, field [display_name] has issue [project display name contains invalid characters]
    at responseToError (/Users/devika/.nvm/versions/node/v24.14.0/lib/node_modules/firebase-tools/lib/responseToError.js:53:12)
    at RetryOperation._fn (/Users/devika/.nvm/versions/node/v24.14.0/lib/node_modules/firebase-tools/lib/apiv2.js:333:77)
    at process.processTicksAndRejections (node:internal/process/task_queues:104:5)
[error] 
[error] Error: Failed to create project. See firebase-debug.log for more info.
[debug] [2026-04-28T13:20:21.468Z] ----------------------------------------------------------------------
[debug] [2026-04-28T13:20:21.469Z] Command:       /Users/devika/.nvm/versions/node/v24.14.0/bin/node /Users/devika/.nvm/versions/node/v24.14.0/bin/firebase init
[debug] [2026-04-28T13:20:21.470Z] CLI Version:   15.15.0
[debug] [2026-04-28T13:20:21.470Z] Platform:      darwin
[debug] [2026-04-28T13:20:21.470Z] Node Version:  v24.14.0
[debug] [2026-04-28T13:20:21.470Z] Time:          Tue Apr 28 2026 18:50:21 GMT+0530 (India Standard Time)
[debug] [2026-04-28T13:20:21.470Z] ----------------------------------------------------------------------
[debug] 
[info] 
     ######## #### ########  ######## ########     ###     ######  ########
     ##        ##  ##     ## ##       ##     ##  ##   ##  ##       ##
     ######    ##  ########  ######   ########  #########  ######  ######
     ##        ##  ##    ##  ##       ##     ## ##     ##       ## ##
     ##       #### ##     ## ######## ########  ##     ##  ######  ########

You're about to initialize a Firebase project in this directory:

  /Users/devika/SmartRoute-AI

[info] 
=== Project Setup
[info] 
[info] First, let's associate this project directory with a Firebase project.
[info] You can create multiple project aliases by running firebase use --add, 
[info] 
[debug] [2026-04-28T13:20:40.918Z] > command requires scopes: ["email","openid","https://www.googleapis.com/auth/cloudplatformprojects.readonly","https://www.googleapis.com/auth/firebase","https://www.googleapis.com/auth/cloud-platform"]
[debug] [2026-04-28T13:20:40.918Z] > authorizing via signed-in user (devikadudhani@gmail.com)
[debug] [2026-04-28T13:20:40.920Z] Checked if tokens are valid: true, expires at: 1777385522702
[debug] [2026-04-28T13:20:40.920Z] Checked if tokens are valid: true, expires at: 1777385522702
[debug] [2026-04-28T13:20:40.921Z] >>> [apiv2][query] GET https://firebase.googleapis.com/v1beta1/projects pageSize=100
[debug] [2026-04-28T13:20:41.638Z] <<< [apiv2][status] GET https://firebase.googleapis.com/v1beta1/projects 200
[debug] [2026-04-28T13:20:41.638Z] <<< [apiv2][body] GET https://firebase.googleapis.com/v1beta1/projects [omitted]
[debug] [2026-04-28T13:28:44.575Z] ExitPromptError: User force closed the prompt with SIGINT
    at Interface.sigint (/Users/devika/.nvm/versions/node/v24.14.0/lib/node_modules/firebase-tools/node_modules/@inquirer/core/dist/commonjs/lib/create-prompt.js:101:37)
    at Interface.emit (node:events:508:28)
    at [_ttyWrite] [as _ttyWrite] (node:internal/readline/interface:1327:18)
    at ReadStream.onkeypress (node:internal/readline/interface:284:20)
    at ReadStream.emit (node:events:520:35)
    at emitKeys (node:internal/readline/utils:371:14)
    at emitKeys.next (<anonymous>)
    at ReadStream.onData (node:internal/readline/emitKeypressEvents:64:36)
    at ReadStream.emit (node:events:508:28)
    at addChunk (node:internal/streams/readable:563:12)
[error] 
[error] Error: An unexpected error has occurred.
[debug] [2026-04-28T13:28:47.174Z] ----------------------------------------------------------------------
[debug] [2026-04-28T13:28:47.175Z] Command:       /Users/devika/.nvm/versions/node/v24.14.0/bin/node /Users/devika/.nvm/versions/node/v24.14.0/bin/firebase init
[debug] [2026-04-28T13:28:47.176Z] CLI Version:   15.15.0
[debug] [2026-04-28T13:28:47.176Z] Platform:      darwin
[debug] [2026-04-28T13:28:47.176Z] Node Version:  v24.14.0
[debug] [2026-04-28T13:28:47.176Z] Time:          Tue Apr 28 2026 18:58:47 GMT+0530 (India Standard Time)
[debug] [2026-04-28T13:28:47.176Z] ----------------------------------------------------------------------
[debug] 
[info] 
     ######## #### ########  ######## ########     ###     ######  ########
     ##        ##  ##     ## ##       ##     ##  ##   ##  ##       ##
     ######    ##  ########  ######   ########  #########  ######  ######
     ##        ##  ##    ##  ##       ##     ## ##     ##       ## ##
     ##       #### ##     ## ######## ########  ##     ##  ######  ########

You're about to initialize a Firebase project in this directory:

  /Users/devika/SmartRoute-AI

[info] 
=== Project Setup
[info] 
[info] First, let's associate this project directory with a Firebase project.
[info] You can create multiple project aliases by running firebase use --add, 
[info] 
[debug] [2026-04-28T13:28:58.120Z] > command requires scopes: ["email","openid","https://www.googleapis.com/auth/cloudplatformprojects.readonly","https://www.googleapis.com/auth/firebase","https://www.googleapis.com/auth/cloud-platform"]
[debug] [2026-04-28T13:28:58.121Z] > authorizing via signed-in user (devikadudhani@gmail.com)
[debug] [2026-04-28T13:28:58.122Z] Checked if tokens are valid: true, expires at: 1777385522702
[debug] [2026-04-28T13:28:58.122Z] Checked if tokens are valid: true, expires at: 1777385522702
[debug] [2026-04-28T13:28:58.123Z] >>> [apiv2][query] GET https://firebase.googleapis.com/v1beta1/projects pageSize=100
[debug] [2026-04-28T13:28:58.893Z] <<< [apiv2][status] GET https://firebase.googleapis.com/v1beta1/projects 200
[debug] [2026-04-28T13:28:58.894Z] <<< [apiv2][body] GET https://firebase.googleapis.com/v1beta1/projects [omitted]
[debug] [2026-04-28T13:29:29.741Z] ExitPromptError: User force closed the prompt with SIGINT
    at Interface.sigint (/Users/devika/.nvm/versions/node/v24.14.0/lib/node_modules/firebase-tools/node_modules/@inquirer/core/dist/commonjs/lib/create-prompt.js:101:37)
    at Interface.emit (node:events:508:28)
    at [_ttyWrite] [as _ttyWrite] (node:internal/readline/interface:1327:18)
    at ReadStream.onkeypress (node:internal/readline/interface:284:20)
    at ReadStream.emit (node:events:520:35)
    at emitKeys (node:internal/readline/utils:371:14)
    at emitKeys.next (<anonymous>)
    at ReadStream.onData (node:internal/readline/emitKeypressEvents:64:36)
    at ReadStream.emit (node:events:508:28)
    at addChunk (node:internal/streams/readable:563:12)
[error] 
[error] Error: An unexpected error has occurred.
